\BOOKMARK [1][]{section.1}{Introduzione}{}% 1
\BOOKMARK [1][]{section.2}{Dipendenza del periodo del pendolo dalla massa}{}% 2
\BOOKMARK [2][]{subsection.2.1}{Apparato Sperimentale}{section.2}% 3
\BOOKMARK [2][]{subsection.2.2}{Procedura di misura}{section.2}% 4
\BOOKMARK [2][]{subsection.2.3}{Analisi dati}{section.2}% 5
\BOOKMARK [3][]{subsubsection.2.3.1}{Considerazioni iniziali}{subsection.2.3}% 6
\BOOKMARK [3][]{subsubsection.2.3.2}{Medie pesate}{subsection.2.3}% 7
\BOOKMARK [3][]{subsubsection.2.3.3}{Test del chi quadro}{subsection.2.3}% 8
\BOOKMARK [3][]{subsubsection.2.3.4}{Regressione lineare}{subsection.2.3}% 9
\BOOKMARK [2][]{subsection.2.4}{Conclusioni intermedie !-!-!-!-!-!-!-!-!-!-!-!-!-!-!}{section.2}% 10
\BOOKMARK [1][]{section.3}{Dipendenza dalla linghezza}{}% 11
\BOOKMARK [2][]{subsection.3.1}{Apparato Sperimentale}{section.3}% 12
\BOOKMARK [2][]{subsection.3.2}{Procedura di misura}{section.3}% 13
\BOOKMARK [2][]{subsection.3.3}{Analisi dati}{section.3}% 14
\BOOKMARK [3][]{subsubsection.3.3.1}{Medie \(errore\)}{subsection.3.3}% 15
\BOOKMARK [3][]{subsubsection.3.3.2}{Test del chi quadro}{subsection.3.3}% 16
\BOOKMARK [3][]{subsubsection.3.3.3}{FIT - titoletti x schematizzare}{subsection.3.3}% 17
\BOOKMARK [2][]{subsection.3.4}{Conclusioni intermedie !-!-!-!-!-!-!-!-!-!-!-!-!-!-!}{section.3}% 18
\BOOKMARK [1][]{section.4}{Misurazione dell'accelerazione di gravit\340}{}% 19
\BOOKMARK [2][]{subsection.4.1}{Analisi tabella}{section.4}% 20
\BOOKMARK [2][]{subsection.4.2}{Determinare l'accelerazione di gravit\340 dalla tabella}{section.4}% 21
\BOOKMARK [2][]{subsection.4.3}{Determinare l'accelerazione di gravit\340 dal grafico}{section.4}% 22
\BOOKMARK [2][]{subsection.4.4}{Test del chi quadro}{section.4}% 23
\BOOKMARK [2][]{subsection.4.5}{Confronto con valore tabulati}{section.4}% 24
\BOOKMARK [1][]{section.5}{Conclusioni}{}% 25
